<?xml version="1.0" encoding="UTF-8"?>
<!-- Generated by org.testng.reporters.JUnitReportReporter -->
<testsuite hostname="DESKTOP-UG1IGJU" name="testSuit.suitClass2" tests="1" failures="0" timestamp="27 Mar 2017 07:21:36 GMT" time="0.002" errors="0">
  <testcase name="test2" time="0.002" classname="testSuit.suitClass2"/>
</testsuite> <!-- testSuit.suitClass2 -->
