<?xml version="1.0" encoding="UTF-8"?>
<!-- Generated by org.testng.reporters.JUnitReportReporter -->
<testsuite hostname="DESKTOP-UG1IGJU" name="testSuit.suitClass1" tests="1" failures="0" timestamp="27 Mar 2017 07:21:36 GMT" time="0.006" errors="0">
  <testcase name="test1" time="0.006" classname="testSuit.suitClass1"/>
</testsuite> <!-- testSuit.suitClass1 -->
